This is pdfTeX, Version 3.14159265-2.6-1.40.15 (TeX Live 2014) (preloaded format=pdflatex 2014.10.23)  19 MAY 2015 11:38
entering extended mode
 restricted \write18 enabled.
 file:line:error style messages enabled.
 %&-line parsing enabled.
**Corrected_version_2.tex
(./Corrected_version_2.tex
LaTeX2e <2014/05/01>
Babel <3.9k> and hyphenation patterns for 78 languages loaded.
(/usr/local/texlive/2014/texmf-dist/tex/latex/base/article.cls
Document Class: article 2007/10/19 v1.4h Standard LaTeX document class
(/usr/local/texlive/2014/texmf-dist/tex/latex/base/size10.clo
File: size10.clo 2007/10/19 v1.4h Standard LaTeX file (size option)
)
\c@part=\count79
\c@section=\count80
\c@subsection=\count81
\c@subsubsection=\count82
\c@paragraph=\count83
\c@subparagraph=\count84
\c@figure=\count85
\c@table=\count86
\abovecaptionskip=\skip41
\belowcaptionskip=\skip42
\bibindent=\dimen102
)
(/usr/local/texlive/2014/texmf-dist/tex/latex/a4wide/a4wide.sty
Package: a4wide 1994/08/30

(/usr/local/texlive/2014/texmf-dist/tex/latex/ntgclass/a4.sty
Package: a4 2004/04/15 v1.2g A4 based page layout
))
(/usr/local/texlive/2014/texmf-dist/tex/latex/base/fontenc.sty
Package: fontenc 2005/09/27 v1.99g Standard LaTeX package

(/usr/local/texlive/2014/texmf-dist/tex/latex/base/t1enc.def
File: t1enc.def 2005/09/27 v1.99g Standard LaTeX file
LaTeX Font Info:    Redeclaring font encoding T1 on input line 43.
))
(/usr/local/texlive/2014/texmf-dist/tex/latex/base/inputenc.sty
Package: inputenc 2014/04/30 v1.2b Input encoding file
\inpenc@prehook=\toks14
\inpenc@posthook=\toks15

(/usr/local/texlive/2014/texmf-dist/tex/latex/base/latin9.def
File: latin9.def 2014/04/30 v1.2b Input encoding file
))
(/usr/local/texlive/2014/texmf-dist/tex/latex/lm/lmodern.sty
Package: lmodern 2009/10/30 v1.6 Latin Modern Fonts
LaTeX Font Info:    Overwriting symbol font `operators' in version `normal'
(Font)                  OT1/cmr/m/n --> OT1/lmr/m/n on input line 22.
LaTeX Font Info:    Overwriting symbol font `letters' in version `normal'
(Font)                  OML/cmm/m/it --> OML/lmm/m/it on input line 23.
LaTeX Font Info:    Overwriting symbol font `symbols' in version `normal'
(Font)                  OMS/cmsy/m/n --> OMS/lmsy/m/n on input line 24.
LaTeX Font Info:    Overwriting symbol font `largesymbols' in version `normal'
(Font)                  OMX/cmex/m/n --> OMX/lmex/m/n on input line 25.
LaTeX Font Info:    Overwriting symbol font `operators' in version `bold'
(Font)                  OT1/cmr/bx/n --> OT1/lmr/bx/n on input line 26.
LaTeX Font Info:    Overwriting symbol font `letters' in version `bold'
(Font)                  OML/cmm/b/it --> OML/lmm/b/it on input line 27.
LaTeX Font Info:    Overwriting symbol font `symbols' in version `bold'
(Font)                  OMS/cmsy/b/n --> OMS/lmsy/b/n on input line 28.
LaTeX Font Info:    Overwriting symbol font `largesymbols' in version `bold'
(Font)                  OMX/cmex/m/n --> OMX/lmex/m/n on input line 29.
LaTeX Font Info:    Overwriting math alphabet `\mathbf' in version `normal'
(Font)                  OT1/cmr/bx/n --> OT1/lmr/bx/n on input line 31.
LaTeX Font Info:    Overwriting math alphabet `\mathsf' in version `normal'
(Font)                  OT1/cmss/m/n --> OT1/lmss/m/n on input line 32.
LaTeX Font Info:    Overwriting math alphabet `\mathit' in version `normal'
(Font)                  OT1/cmr/m/it --> OT1/lmr/m/it on input line 33.
LaTeX Font Info:    Overwriting math alphabet `\mathtt' in version `normal'
(Font)                  OT1/cmtt/m/n --> OT1/lmtt/m/n on input line 34.
LaTeX Font Info:    Overwriting math alphabet `\mathbf' in version `bold'
(Font)                  OT1/cmr/bx/n --> OT1/lmr/bx/n on input line 35.
LaTeX Font Info:    Overwriting math alphabet `\mathsf' in version `bold'
(Font)                  OT1/cmss/bx/n --> OT1/lmss/bx/n on input line 36.
LaTeX Font Info:    Overwriting math alphabet `\mathit' in version `bold'
(Font)                  OT1/cmr/bx/it --> OT1/lmr/bx/it on input line 37.
LaTeX Font Info:    Overwriting math alphabet `\mathtt' in version `bold'
(Font)                  OT1/cmtt/m/n --> OT1/lmtt/m/n on input line 38.
)
(/usr/local/texlive/2014/texmf-dist/tex/latex/oberdiek/picture.sty
Package: picture 2009/10/11 v1.3 Dimens for picture macros (HO)
Package picture Info: Calculation method: etex.
)
(/usr/local/texlive/2014/texmf-dist/tex/generic/babel/babel.sty
Package: babel 2014/03/24 3.9k The Babel package

(/usr/local/texlive/2014/texmf-dist/tex/generic/babel-french/frenchb.ldf
Language: frenchb 2014/04/18 v3.0c French support from the babel system

(/usr/local/texlive/2014/texmf-dist/tex/generic/babel/babel.def
File: babel.def 2014/03/24 3.9k Babel common definitions
\babel@savecnt=\count87
\U@D=\dimen103
)
\l@acadian = a dialect from \language\l@french 
\l@canadien = a dialect from \language\l@french 
\FBcolonskip=\skip43
\FBthinskip=\skip44
\FB@interchartokenstateORI=\count88
Package babel Info: Making : an active character on input line 371.
Package babel Info: Making ; an active character on input line 372.
Package babel Info: Making ! an active character on input line 373.
Package babel Info: Making ? an active character on input line 374.
\FBguillskip=\skip45
\FB@Mht=\dimen104
\std@mcc=\count89
\dec@mcc=\count90
\listindentFB=\skip46
\labelwidthFB=\skip47
\leftmarginFB=\skip48
\parindentFFN=\dimen105
)
(/usr/local/texlive/2014/texmf-dist/tex/generic/babel-english/english.ldf
Language: english 2012/08/20 v3.3p English support from the babel system
\l@canadian = a dialect from \language\l@american 
\l@australian = a dialect from \language\l@british 
\l@newzealand = a dialect from \language\l@british 
))
(/usr/local/texlive/2014/texmf-dist/tex/latex/carlisle/scalefnt.sty)
(/usr/local/texlive/2014/texmf-dist/tex/latex/graphics/keyval.sty
Package: keyval 2014/05/08 v1.15 key=value parser (DPC)
\KV@toks@=\toks16
)
(/usr/local/texlive/2014/texmf-dist/tex/latex/graphics/color.sty
Package: color 2014/04/23 v1.1a Standard LaTeX Color (DPC)

(/usr/local/texlive/2014/texmf-dist/tex/latex/latexconfig/color.cfg
File: color.cfg 2007/01/18 v1.5 color configuration of teTeX/TeXLive
)
Package color Info: Driver file: pdftex.def on input line 137.

(/usr/local/texlive/2014/texmf-dist/tex/latex/pdftex-def/pdftex.def
File: pdftex.def 2011/05/27 v0.06d Graphics/color for pdfTeX

(/usr/local/texlive/2014/texmf-dist/tex/generic/oberdiek/infwarerr.sty
Package: infwarerr 2010/04/08 v1.3 Providing info/warning/error messages (HO)
)
(/usr/local/texlive/2014/texmf-dist/tex/generic/oberdiek/ltxcmds.sty
Package: ltxcmds 2011/11/09 v1.22 LaTeX kernel commands for general use (HO)
)
\Gread@gobject=\count91
))
(/usr/local/texlive/2014/texmf-dist/tex/latex/xcolor/xcolor.sty
Package: xcolor 2007/01/21 v2.11 LaTeX color extensions (UK)

(/usr/local/texlive/2014/texmf-dist/tex/latex/latexconfig/color.cfg
File: color.cfg 2007/01/18 v1.5 color configuration of teTeX/TeXLive
)
Package xcolor Info: Driver file: pdftex.def on input line 225.
LaTeX Info: Redefining \color on input line 702.
Package xcolor Info: Model `cmy' substituted by `cmy0' on input line 1337.
Package xcolor Info: Model `hsb' substituted by `rgb' on input line 1341.
Package xcolor Info: Model `RGB' extended on input line 1353.
Package xcolor Info: Model `HTML' substituted by `rgb' on input line 1355.
Package xcolor Info: Model `Hsb' substituted by `hsb' on input line 1356.
Package xcolor Info: Model `tHsb' substituted by `hsb' on input line 1357.
Package xcolor Info: Model `HSB' substituted by `hsb' on input line 1358.
Package xcolor Info: Model `Gray' substituted by `gray' on input line 1359.
Package xcolor Info: Model `wave' substituted by `hsb' on input line 1360.
)
(/usr/local/texlive/2014/texmf-dist/tex/latex/comment/comment.sty
\CommentStream=\write3

Excluding comment 'comment')
(/usr/local/texlive/2014/texmf-dist/tex/latex/amsmath/amsmath.sty
Package: amsmath 2013/01/14 v2.14 AMS math features
\@mathmargin=\skip49

For additional information on amsmath, use the `?' option.
(/usr/local/texlive/2014/texmf-dist/tex/latex/amsmath/amstext.sty
Package: amstext 2000/06/29 v2.01

(/usr/local/texlive/2014/texmf-dist/tex/latex/amsmath/amsgen.sty
File: amsgen.sty 1999/11/30 v2.0
\@emptytoks=\toks17
\ex@=\dimen106
))
(/usr/local/texlive/2014/texmf-dist/tex/latex/amsmath/amsbsy.sty
Package: amsbsy 1999/11/29 v1.2d
\pmbraise@=\dimen107
)
(/usr/local/texlive/2014/texmf-dist/tex/latex/amsmath/amsopn.sty
Package: amsopn 1999/12/14 v2.01 operator names
)
\inf@bad=\count92
LaTeX Info: Redefining \frac on input line 210.
\uproot@=\count93
\leftroot@=\count94
LaTeX Info: Redefining \overline on input line 306.
\classnum@=\count95
\DOTSCASE@=\count96
LaTeX Info: Redefining \ldots on input line 378.
LaTeX Info: Redefining \dots on input line 381.
LaTeX Info: Redefining \cdots on input line 466.
\Mathstrutbox@=\box26
\strutbox@=\box27
\big@size=\dimen108
LaTeX Font Info:    Redeclaring font encoding OML on input line 566.
LaTeX Font Info:    Redeclaring font encoding OMS on input line 567.
\macc@depth=\count97
\c@MaxMatrixCols=\count98
\dotsspace@=\muskip10
\c@parentequation=\count99
\dspbrk@lvl=\count100
\tag@help=\toks18
\row@=\count101
\column@=\count102
\maxfields@=\count103
\andhelp@=\toks19
\eqnshift@=\dimen109
\alignsep@=\dimen110
\tagshift@=\dimen111
\tagwidth@=\dimen112
\totwidth@=\dimen113
\lineht@=\dimen114
\@envbody=\toks20
\multlinegap=\skip50
\multlinetaggap=\skip51
\mathdisplay@stack=\toks21
LaTeX Info: Redefining \[ on input line 2665.
LaTeX Info: Redefining \] on input line 2666.
)
(/usr/local/texlive/2014/texmf-dist/tex/latex/amscls/amsthm.sty
Package: amsthm 2004/08/06 v2.20
\thm@style=\toks22
\thm@bodyfont=\toks23
\thm@headfont=\toks24
\thm@notefont=\toks25
\thm@headpunct=\toks26
\thm@preskip=\skip52
\thm@postskip=\skip53
\thm@headsep=\skip54
\dth@everypar=\toks27
)
(/usr/local/texlive/2014/texmf-dist/tex/latex/amsfonts/amssymb.sty
Package: amssymb 2013/01/14 v3.01 AMS font symbols

(/usr/local/texlive/2014/texmf-dist/tex/latex/amsfonts/amsfonts.sty
Package: amsfonts 2013/01/14 v3.01 Basic AMSFonts support
\symAMSa=\mathgroup4
\symAMSb=\mathgroup5
LaTeX Font Info:    Overwriting math alphabet `\mathfrak' in version `bold'
(Font)                  U/euf/m/n --> U/euf/b/n on input line 106.
))
(/usr/local/texlive/2014/texmf-dist/tex/latex/jknapltx/mathrsfs.sty
Package: mathrsfs 1996/01/01 Math RSFS package v1.0 (jk)
\symrsfs=\mathgroup6
)
(/usr/local/texlive/2014/texmf-dist/tex/latex/graphics/graphicx.sty
Package: graphicx 2014/04/25 v1.0g Enhanced LaTeX Graphics (DPC,SPQR)

(/usr/local/texlive/2014/texmf-dist/tex/latex/graphics/graphics.sty
Package: graphics 2009/02/05 v1.0o Standard LaTeX Graphics (DPC,SPQR)

(/usr/local/texlive/2014/texmf-dist/tex/latex/graphics/trig.sty
Package: trig 1999/03/16 v1.09 sin cos tan (DPC)
)
(/usr/local/texlive/2014/texmf-dist/tex/latex/latexconfig/graphics.cfg
File: graphics.cfg 2010/04/23 v1.9 graphics configuration of TeX Live
)
Package graphics Info: Driver file: pdftex.def on input line 91.
)
\Gin@req@height=\dimen115
\Gin@req@width=\dimen116
)
(/usr/local/texlive/2014/texmf-dist/tex/latex/graphics/epsfig.sty
Package: epsfig 1999/02/16 v1.7a (e)psfig emulation (SPQR)
\epsfxsize=\dimen117
\epsfysize=\dimen118
)
(/usr/local/texlive/2014/texmf-dist/tex/latex/base/latexsym.sty
Package: latexsym 1998/08/17 v2.2e Standard LaTeX package (lasy symbols)
\symlasy=\mathgroup7
LaTeX Font Info:    Overwriting symbol font `lasy' in version `bold'
(Font)                  U/lasy/m/n --> U/lasy/b/n on input line 47.
)
(/usr/local/texlive/2014/texmf-dist/tex/latex/amsmath/amscd.sty
Package: amscd 1999/11/29 v2.0
\athelp@=\toks28
\minaw@=\dimen119
\bigaw@=\dimen120
\minCDarrowwidth=\dimen121
)
(/usr/local/texlive/2014/texmf-dist/tex/latex/fancyhdr/fancyhdr.sty
\fancy@headwidth=\skip55
\f@ncyO@elh=\skip56
\f@ncyO@erh=\skip57
\f@ncyO@olh=\skip58
\f@ncyO@orh=\skip59
\f@ncyO@elf=\skip60
\f@ncyO@erf=\skip61
\f@ncyO@olf=\skip62
\f@ncyO@orf=\skip63
)
\c@theorem=\count104
\c@theor=\count105
\c@definition=\count106

(./Corrected_version_2.aux)
\openout1 = `Corrected_version_2.aux'.

LaTeX Font Info:    Checking defaults for OML/cmm/m/it on input line 126.
LaTeX Font Info:    ... okay on input line 126.
LaTeX Font Info:    Checking defaults for T1/cmr/m/n on input line 126.
LaTeX Font Info:    ... okay on input line 126.
LaTeX Font Info:    Checking defaults for OT1/cmr/m/n on input line 126.
LaTeX Font Info:    ... okay on input line 126.
LaTeX Font Info:    Checking defaults for OMS/cmsy/m/n on input line 126.
LaTeX Font Info:    ... okay on input line 126.
LaTeX Font Info:    Checking defaults for OMX/cmex/m/n on input line 126.
LaTeX Font Info:    ... okay on input line 126.
LaTeX Font Info:    Checking defaults for U/cmr/m/n on input line 126.
LaTeX Font Info:    ... okay on input line 126.
LaTeX Font Info:    Try loading font information for T1+lmr on input line 126.

(/usr/local/texlive/2014/texmf-dist/tex/latex/lm/t1lmr.fd
File: t1lmr.fd 2009/10/30 v1.6 Font defs for Latin Modern
)
LaTeX Info: Redefining \degres on input line 126.
LaTeX Info: Redefining \dots on input line 126.
LaTeX Info: Redefining \up on input line 126.

(/usr/local/texlive/2014/texmf-dist/tex/context/base/supp-pdf.mkii
[Loading MPS to PDF converter (version 2006.09.02).]
\scratchcounter=\count107
\scratchdimen=\dimen122
\scratchbox=\box28
\nofMPsegments=\count108
\nofMParguments=\count109
\everyMPshowfont=\toks29
\MPscratchCnt=\count110
\MPscratchDim=\dimen123
\MPnumerator=\count111
\makeMPintoPDFobject=\count112
\everyMPtoPDFconversion=\toks30
) (/usr/local/texlive/2014/texmf-dist/tex/generic/oberdiek/pdftexcmds.sty
Package: pdftexcmds 2011/11/29 v0.20 Utility functions of pdfTeX for LuaTeX (HO
)

(/usr/local/texlive/2014/texmf-dist/tex/generic/oberdiek/ifluatex.sty
Package: ifluatex 2010/03/01 v1.3 Provides the ifluatex switch (HO)
Package ifluatex Info: LuaTeX not detected.
)
(/usr/local/texlive/2014/texmf-dist/tex/generic/oberdiek/ifpdf.sty
Package: ifpdf 2011/01/30 v2.3 Provides the ifpdf switch (HO)
Package ifpdf Info: pdfTeX in PDF mode is detected.
)
Package pdftexcmds Info: LuaTeX not detected.
Package pdftexcmds Info: \pdf@primitive is available.
Package pdftexcmds Info: \pdf@ifprimitive is available.
Package pdftexcmds Info: \pdfdraftmode found.
)
(/usr/local/texlive/2014/texmf-dist/tex/latex/oberdiek/epstopdf-base.sty
Package: epstopdf-base 2010/02/09 v2.5 Base part for package epstopdf

(/usr/local/texlive/2014/texmf-dist/tex/latex/oberdiek/grfext.sty
Package: grfext 2010/08/19 v1.1 Manage graphics extensions (HO)

(/usr/local/texlive/2014/texmf-dist/tex/generic/oberdiek/kvdefinekeys.sty
Package: kvdefinekeys 2011/04/07 v1.3 Define keys (HO)
))
(/usr/local/texlive/2014/texmf-dist/tex/latex/oberdiek/kvoptions.sty
Package: kvoptions 2011/06/30 v3.11 Key value format for package options (HO)

(/usr/local/texlive/2014/texmf-dist/tex/generic/oberdiek/kvsetkeys.sty
Package: kvsetkeys 2012/04/25 v1.16 Key value parser (HO)

(/usr/local/texlive/2014/texmf-dist/tex/generic/oberdiek/etexcmds.sty
Package: etexcmds 2011/02/16 v1.5 Avoid name clashes with e-TeX commands (HO)
Package etexcmds Info: Could not find \expanded.
(etexcmds)             That can mean that you are not using pdfTeX 1.50 or
(etexcmds)             that some package has redefined \expanded.
(etexcmds)             In the latter case, load this package earlier.
)))
Package grfext Info: Graphics extension search list:
(grfext)             [.png,.pdf,.jpg,.mps,.jpeg,.jbig2,.jb2,.PNG,.PDF,.JPG,.JPE
G,.JBIG2,.JB2,.eps]
(grfext)             \AppendGraphicsExtensions on input line 452.

(/usr/local/texlive/2014/texmf-dist/tex/latex/latexconfig/epstopdf-sys.cfg
File: epstopdf-sys.cfg 2010/07/13 v1.3 Configuration of (r)epstopdf for TeX Liv
e
))
LaTeX Font Info:    Try loading font information for OT1+lmr on input line 156.


(/usr/local/texlive/2014/texmf-dist/tex/latex/lm/ot1lmr.fd
File: ot1lmr.fd 2009/10/30 v1.6 Font defs for Latin Modern
)
LaTeX Font Info:    Try loading font information for OML+lmm on input line 156.


(/usr/local/texlive/2014/texmf-dist/tex/latex/lm/omllmm.fd
File: omllmm.fd 2009/10/30 v1.6 Font defs for Latin Modern
)
LaTeX Font Info:    Try loading font information for OMS+lmsy on input line 156
.

(/usr/local/texlive/2014/texmf-dist/tex/latex/lm/omslmsy.fd
File: omslmsy.fd 2009/10/30 v1.6 Font defs for Latin Modern
)
LaTeX Font Info:    Try loading font information for OMX+lmex on input line 156
.

(/usr/local/texlive/2014/texmf-dist/tex/latex/lm/omxlmex.fd
File: omxlmex.fd 2009/10/30 v1.6 Font defs for Latin Modern
)
LaTeX Font Info:    External font `lmex10' loaded for size
(Font)              <12> on input line 156.
LaTeX Font Info:    External font `lmex10' loaded for size
(Font)              <8> on input line 156.
LaTeX Font Info:    External font `lmex10' loaded for size
(Font)              <6> on input line 156.
LaTeX Font Info:    Try loading font information for U+msa on input line 156.

(/usr/local/texlive/2014/texmf-dist/tex/latex/amsfonts/umsa.fd
File: umsa.fd 2013/01/14 v3.01 AMS symbols A
)
LaTeX Font Info:    Try loading font information for U+msb on input line 156.

(/usr/local/texlive/2014/texmf-dist/tex/latex/amsfonts/umsb.fd
File: umsb.fd 2013/01/14 v3.01 AMS symbols B
)
LaTeX Font Info:    Try loading font information for U+rsfs on input line 156.

(/usr/local/texlive/2014/texmf-dist/tex/latex/jknapltx/ursfs.fd
File: ursfs.fd 1998/03/24 rsfs font definition file (jk)
)
LaTeX Font Info:    Try loading font information for U+lasy on input line 156.

(/usr/local/texlive/2014/texmf-dist/tex/latex/base/ulasy.fd
File: ulasy.fd 1998/08/17 v2.2e LaTeX symbol font definitions
)
LaTeX Font Info:    External font `lmex10' loaded for size
(Font)              <5> on input line 156.
LaTeX Font Info:    Try loading font information for T1+lmtt on input line 156.


(/usr/local/texlive/2014/texmf-dist/tex/latex/lm/t1lmtt.fd
File: t1lmtt.fd 2009/10/30 v1.6 Font defs for Latin Modern
)
LaTeX Font Info:    External font `lmex10' loaded for size
(Font)              <10> on input line 210.
LaTeX Font Info:    External font `lmex10' loaded for size
(Font)              <7> on input line 210.
 [1

{/usr/local/texlive/2014/texmf-var/fonts/map/pdftex/updmap/pdftex.map}] (./diag
1.pdf_t
<diag1.pdf, id=28, 324.21124pt x 316.18124pt>
File: diag1.pdf Graphic file (type pdf)
 <use diag1.pdf>
Package pdftex.def Info: diag1.pdf used on input line 2.
(pdftex.def)             Requested size: 324.21045pt x 316.18047pt.
LaTeX Font Info:    Calculating math sizes for size <29> on input line 14.
LaTeX Font Info:    External font `lmex10' loaded for size
(Font)              <29> on input line 14.
LaTeX Font Info:    External font `lmex10' loaded for size
(Font)              <20.29991> on input line 14.
LaTeX Font Info:    External font `lmex10' loaded for size
(Font)              <14.5> on input line 14.


LaTeX Font Warning: Font shape `U/rsfs/m/n' in size <29> not available
(Font)              size <24.88> substituted on input line 14.


LaTeX Font Warning: Font shape `U/rsfs/m/n' in size <20.29991> not available
(Font)              size <20.74> substituted on input line 14.


LaTeX Font Warning: Font shape `U/lasy/m/n' in size <29> not available
(Font)              size <24.88> substituted on input line 14.


LaTeX Font Warning: Font shape `U/lasy/m/n' in size <20.29991> not available
(Font)              size <20.74> substituted on input line 14.

LaTeX Font Info:    Calculating math sizes for size <34> on input line 16.
LaTeX Font Info:    External font `lmex10' loaded for size
(Font)              <34> on input line 16.
LaTeX Font Info:    External font `lmex10' loaded for size
(Font)              <23.7999> on input line 16.
LaTeX Font Info:    External font `lmex10' loaded for size
(Font)              <17> on input line 16.

LaTeX Font Warning: Font shape `U/rsfs/m/n' in size <34> not available
(Font)              size <24.88> substituted on input line 16.


LaTeX Font Warning: Font shape `U/rsfs/m/n' in size <23.7999> not available
(Font)              size <24.88> substituted on input line 16.


LaTeX Font Warning: Font shape `U/lasy/m/n' in size <34> not available
(Font)              size <24.88> substituted on input line 16.


LaTeX Font Warning: Font shape `U/lasy/m/n' in size <23.7999> not available
(Font)              size <24.88> substituted on input line 16.

) [2 <./diag1.pdf>] (./diag5.pdf_t <diag5.pdf, id=36, 542.025pt x 64.24pt>
File: diag5.pdf Graphic file (type pdf)

<use diag5.pdf>
Package pdftex.def Info: diag5.pdf used on input line 2.
(pdftex.def)             Requested size: 542.02367pt x 64.23984pt.
) [3] (./diag4.pdf_t <diag4.pdf, id=41, 594.22pt x 316.18124pt>
File: diag4.pdf Graphic file (type pdf)

<use diag4.pdf>
Package pdftex.def Info: diag4.pdf used on input line 2.
(pdftex.def)             Requested size: 594.21855pt x 316.18047pt.
)

LaTeX Warning: `h' float specifier changed to `ht'.

[4 <./diag5.pdf>] [5 <./diag4.pdf>] [6] [7] [8] [9] [10] [11] [12]
Overfull \hbox (2.46486pt too wide) detected at line 1588
[][]\OMS/lmsy/m/n/10 k\OML/lmm/m/it/10 e[]\OMS/lmsy/m/n/10 k[] ^^T []k\OML/lmm/
m/it/10 s[]\OMS/lmsy/m/n/10 k[]k\OML/lmm/m/it/10 e[]\OMS/lmsy/m/n/10 k[] \OT1/l
mr/m/n/10 + []\OMS/lmsy/m/n/10 k\OML/lmm/m/it/10 r[]\OMS/lmsy/m/n/10 k[] ^^T []
 [][] \OT1/lmr/m/n/10 + []\OMS/lmsy/m/n/10 k\OML/lmm/m/it/10 e[]\OMS/lmsy/m/n/1
0 k[]\OML/lmm/m/it/10 ;
 []

[13] [14] [15] [16] [17] <atoc.pdf, id=101, 445.665pt x 313.17pt>
File: atoc.pdf Graphic file (type pdf)

<use atoc.pdf>
Package pdftex.def Info: atoc.pdf used on input line 2227.
(pdftex.def)             Requested size: 445.66391pt x 313.16922pt.
 [18 <./atoc.pdf>] <vr.pdf, id=119, 351.3125pt x 344.28625pt>
File: vr.pdf Graphic file (type pdf)

<use vr.pdf>
Package pdftex.def Info: vr.pdf used on input line 2382.
(pdftex.def)             Requested size: 351.31163pt x 344.2854pt.


LaTeX Warning: `!h' float specifier changed to `!ht'.

[19] [20 <./vr.pdf>]
LaTeX Font Info:    Try loading font information for OMS+lmr on input line 2510
.
 (/usr/local/texlive/2014/texmf-dist/tex/latex/lm/omslmr.fd
File: omslmr.fd 2009/10/30 v1.6 Font defs for Latin Modern
)
LaTeX Font Info:    Font shape `OMS/lmr/m/n' in size <10> not available
(Font)              Font shape `OMS/lmsy/m/n' tried instead on input line 2510.

 [21] [22] Excluding 'comment' comment. [23] [24] [25] [26] [27] [28] [29]
Overfull \hbox (21.64937pt too wide) detected at line 3518
[] []
 []

[30] [31] [32]
Overfull \hbox (5.3358pt too wide) detected at line 3861
\OMS/lmsy/m/n/10 ^^T \OT1/lmr/m/n/10 2[] [] \OMS/lmsy/m/n/10 j\OML/lmm/m/it/10 
V[]\OMS/lmsy/m/n/10 j [][] \OT1/lmr/m/n/10 + 2[] [] [] \OML/lmm/m/it/10 l[] [][
] \OMS/lmsy/m/n/10 ^^T \OT1/lmr/m/n/10 2[]\OMS/lmsy/m/n/10 k\OT1/lmr/bx/n/10 q\
OMS/lmsy/m/n/10 k[] \OT1/lmr/m/n/10 + 2[] [] \OML/lmm/m/it/10 l[] [][] :
 []

[33] [34] [35] [36] [37]
Overfull \hbox (3.20116pt too wide) in paragraph at lines 4440--4444
[]\T1/lmr/m/n/10 To fin-ish the proof of the the-o-rem 1.1[], it is now nec-es-
sary and suf-fi-cient to show that $\OMS/lmsy/m/n/10 k[]\OML/lmm/m/it/10 U[]\OT
1/lmr/m/n/10 (0)\OMS/lmsy/m/n/10 k \OT1/lmr/m/n/10 =
 []


Overfull \hbox (4.43715pt too wide) in paragraph at lines 4485--4495
\T1/lmr/m/n/10 Let us de-fined $\OT1/lmr/bx/n/10 d[] \OT1/lmr/m/n/10 = [][] \OM
L/lmm/m/it/10 l[] [] \OT1/lmr/bx/n/10 n[]$\T1/lmr/m/n/10 , al-ready de-fined an
d bounded
 []

[38] [39]
Package epstopdf Info: Source file: <sortie_enfin.eps>
(epstopdf)                    date: 2014-06-26 09:09:24
(epstopdf)                    size: 27489 bytes
(epstopdf)             Output file: <sortie_enfin-eps-converted-to.pdf>
(epstopdf)                    date: 2014-06-26 09:11:18
(epstopdf)                    size: 7636 bytes
(epstopdf)             Command: <repstopdf --outfile=sortie_enfin-eps-converted
-to.pdf sortie_enfin.eps>
(epstopdf)             \includegraphics on input line 4678.
Package epstopdf Info: Output file is already uptodate.
 <sortie_enfin-eps-converted-to.pdf, id=198, 505.89pt x 722.7pt>
File: sortie_enfin-eps-converted-to.pdf Graphic file (type pdf)

<use sortie_enfin-eps-converted-to.pdf>
Package pdftex.def Info: sortie_enfin-eps-converted-to.pdf used on input line 4
678.
(pdftex.def)             Requested size: 256.0748pt x 365.82626pt.
 [40] [41 <./sortie_enfin-eps-converted-to.pdf>]
Overfull \hbox (11.1497pt too wide) detected at line 4832
\OMS/lmsy/m/n/10 ^^T [][][] [] [][][][][][][][] [] [] j\OML/lmm/m/it/10 ^^N[]\O
T1/lmr/m/n/10 (\OT1/lmr/bx/n/10 u[]\OT1/lmr/m/n/10 )\OMS/lmsy/m/n/10 j[][][] ^^
T [][][] [] j\OML/lmm/m/it/10 V[]\OMS/lmsy/m/n/10 j[][][][][][][][] [] [] j\OML
/lmm/m/it/10 ^^N[]\OT1/lmr/m/n/10 (\OT1/lmr/bx/n/10 u[]\OT1/lmr/m/n/10 )\OMS/lm
sy/m/n/10 j[][][]
 []

[42] [43] [44]
Overfull \hbox (1.70445pt too wide) detected at line 5217
[][] \OML/lmm/m/it/10 S[]dt \OMS/lmsy/m/n/10 ^^T [] [][] [] [] \OML/lmm/m/it/10
 l[][]\OT1/lmr/bx/n/10 n[] \OML/lmm/m/it/10 ;  [][] \OMS/lmsy/m/n/10 ^^@ [][][]
[]\OML/lmm/m/it/10 dt[]  \OT1/lmr/m/n/10 + [][] [] [] [] \OML/lmm/m/it/10 l[][]
\OT1/lmr/m/n/10 (\OT1/lmr/bx/n/10 x[] \OMS/lmsy/m/n/10 ^^@ \OT1/lmr/bx/n/10 x[]
\OT1/lmr/m/n/10 )\OML/lmm/m/it/10 ; [] [][] \OT1/lmr/bx/n/10 u[]\OML/lmm/m/it/1
0 d\OT1/lmr/bx/n/10 x[][]\OML/lmm/m/it/10 dt
 []


Overfull \hbox (5.1175pt too wide) detected at line 5228
[][] \OML/lmm/m/it/10 E[]\OT1/lmr/m/n/10 (\OML/lmm/m/it/10 t\OT1/lmr/m/n/10 )\O
ML/lmm/m/it/10 dt \OMS/lmsy/m/n/10 ^^T [] [][] [] [] \OML/lmm/m/it/10 l[][]\OT1
/lmr/bx/n/10 n[] \OML/lmm/m/it/10 ;  [][] \OMS/lmsy/m/n/10 ^^@ [][][][]\OML/lmm
/m/it/10 dt \OT1/lmr/m/n/10 + \OML/lmm/m/it/10 P[]C[][]\OT1/lmr/m/n/10 1 + [][]
\OML/lmm/m/it/10 h[] \OT1/lmr/m/n/10 + [][]\OMS/lmsy/m/n/10 k\OT1/lmr/bx/n/10 V
[]\OT1/lmr/m/n/10 (0)\OMS/lmsy/m/n/10 k[]\OML/lmm/m/it/10 ;
 []

[45] [46] [47] (./Corrected_version_2.aux)

LaTeX Font Warning: Size substitutions with differences
(Font)              up to 9.12pt have occurred.

 ) 
Here is how much of TeX's memory you used:
 5205 strings out of 493117
 68922 string characters out of 6135432
 154536 words of memory out of 5000000
 8474 multiletter control sequences out of 15000+600000
 226943 words of font info for 146 fonts, out of 8000000 for 9000
 1141 hyphenation exceptions out of 8191
 37i,18n,43p,456b,479s stack positions out of 5000i,500n,10000p,200000b,80000s
{/usr/local/texlive/2014/texmf-dist/fonts/enc/dvips/lm/lm-ec.enc}{/usr/local/
texlive/2014/texmf-dist/fonts/enc/dvips/lm/lm-rm.enc}{/usr/local/texlive/2014/t
exmf-dist/fonts/enc/dvips/lm/lm-mathsy.enc}{/usr/local/texlive/2014/texmf-dist/
fonts/enc/dvips/lm/lm-mathit.enc}{/usr/local/texlive/2014/texmf-dist/fonts/enc/
dvips/lm/lm-mathex.enc}</usr/local/texlive/2014/texmf-dist/fonts/type1/public/a
msfonts/cm/cmr10.pfb></usr/local/texlive/2014/texmf-dist/fonts/type1/public/ams
fonts/cm/cmsy10.pfb></usr/local/texlive/2014/texmf-dist/fonts/type1/public/lm/l
mbx10.pfb></usr/local/texlive/2014/texmf-dist/fonts/type1/public/lm/lmbx12.pfb>
</usr/local/texlive/2014/texmf-dist/fonts/type1/public/lm/lmbx7.pfb></usr/local
/texlive/2014/texmf-dist/fonts/type1/public/lm/lmbx9.pfb></usr/local/texlive/20
14/texmf-dist/fonts/type1/public/lm/lmbxi10.pfb></usr/local/texlive/2014/texmf-
dist/fonts/type1/public/lm/lmex10.pfb></usr/local/texlive/2014/texmf-dist/fonts
/type1/public/lm/lmmi10.pfb></usr/local/texlive/2014/texmf-dist/fonts/type1/pub
lic/lm/lmmi12.pfb></usr/local/texlive/2014/texmf-dist/fonts/type1/public/lm/lmm
i5.pfb></usr/local/texlive/2014/texmf-dist/fonts/type1/public/lm/lmmi6.pfb></us
r/local/texlive/2014/texmf-dist/fonts/type1/public/lm/lmmi7.pfb></usr/local/tex
live/2014/texmf-dist/fonts/type1/public/lm/lmmi8.pfb></usr/local/texlive/2014/t
exmf-dist/fonts/type1/public/lm/lmr10.pfb></usr/local/texlive/2014/texmf-dist/f
onts/type1/public/lm/lmr12.pfb></usr/local/texlive/2014/texmf-dist/fonts/type1/
public/lm/lmr17.pfb></usr/local/texlive/2014/texmf-dist/fonts/type1/public/lm/l
mr5.pfb></usr/local/texlive/2014/texmf-dist/fonts/type1/public/lm/lmr6.pfb></us
r/local/texlive/2014/texmf-dist/fonts/type1/public/lm/lmr7.pfb></usr/local/texl
ive/2014/texmf-dist/fonts/type1/public/lm/lmr8.pfb></usr/local/texlive/2014/tex
mf-dist/fonts/type1/public/lm/lmr9.pfb></usr/local/texlive/2014/texmf-dist/font
s/type1/public/lm/lmri10.pfb></usr/local/texlive/2014/texmf-dist/fonts/type1/pu
blic/lm/lmri12.pfb></usr/local/texlive/2014/texmf-dist/fonts/type1/public/lm/lm
ri8.pfb></usr/local/texlive/2014/texmf-dist/fonts/type1/public/lm/lmsy10.pfb></
usr/local/texlive/2014/texmf-dist/fonts/type1/public/lm/lmsy5.pfb></usr/local/t
exlive/2014/texmf-dist/fonts/type1/public/lm/lmsy6.pfb></usr/local/texlive/2014
/texmf-dist/fonts/type1/public/lm/lmsy7.pfb></usr/local/texlive/2014/texmf-dist
/fonts/type1/public/lm/lmsy8.pfb></usr/local/texlive/2014/texmf-dist/fonts/type
1/public/lm/lmtt8.pfb></usr/local/texlive/2014/texmf-dist/fonts/type1/public/am
sfonts/symbols/msbm10.pfb></usr/local/texlive/2014/texmf-dist/fonts/type1/publi
c/amsfonts/symbols/msbm7.pfb></usr/local/texlive/2014/texmf-dist/fonts/type1/pu
blic/rsfs/rsfs10.pfb>
Output written on Corrected_version_2.pdf (47 pages, 733581 bytes).
PDF statistics:
 347 PDF objects out of 1000 (max. 8388607)
 254 compressed objects within 3 object streams
 0 named destinations out of 1000 (max. 500000)
 31 words of extra memory for PDF output out of 10000 (max. 10000000)

